AR-Watche/unityLibrary/build/intermediates/manifest_merge_blame_file/release/manifest-merger-blame-release-report.txt
1<?xml version="1.0" encoding="utf-8"?>
2<!-- GENERATED BY UNITY. REMOVE THIS COMMENT TO PREVENT OVERWRITING WHEN EXPORTING AGAIN -->
3<manifest xmlns:android="http://schemas.android.com/apk/res/android"
4    xmlns:tools="http://schemas.android.com/tools"
5    package="com.unity3d.player" >
6
7    <uses-sdk
8        android:minSdkVersion="19"
8-->src\main\AndroidManifest.xml
9        android:targetSdkVersion="32" />
9-->src\main\AndroidManifest.xml
10
11    <uses-feature android:glEsVersion="0x00030000" />
11-->src\main\AndroidManifest.xml:16:3-52
11-->src\main\AndroidManifest.xml:16:17-49
12
13    <uses-permission android:name="android.permission.CAMERA" />
13-->src\main\AndroidManifest.xml:17:3-63
13-->src\main\AndroidManifest.xml:17:20-60
14
15    <uses-feature
15-->src\main\AndroidManifest.xml:18:3-83
16        android:name="android.hardware.camera"
16-->src\main\AndroidManifest.xml:18:17-55
17        android:required="false" />
17-->src\main\AndroidManifest.xml:18:56-80
18    <uses-feature
18-->src\main\AndroidManifest.xml:19:3-93
19        android:name="android.hardware.camera.autofocus"
19-->src\main\AndroidManifest.xml:19:17-65
20        android:required="false" />
20-->src\main\AndroidManifest.xml:19:66-90
21    <uses-feature
21-->src\main\AndroidManifest.xml:20:3-89
22        android:name="android.hardware.camera.front"
22-->src\main\AndroidManifest.xml:20:17-61
23        android:required="false" />
23-->src\main\AndroidManifest.xml:20:62-86
24    <uses-feature
24-->src\main\AndroidManifest.xml:21:3-88
25        android:name="android.hardware.touchscreen"
25-->src\main\AndroidManifest.xml:21:17-60
26        android:required="false" />
26-->src\main\AndroidManifest.xml:21:61-85
27    <uses-feature
27-->src\main\AndroidManifest.xml:22:3-99
28        android:name="android.hardware.touchscreen.multitouch"
28-->src\main\AndroidManifest.xml:22:17-71
29        android:required="false" />
29-->src\main\AndroidManifest.xml:22:72-96
30    <uses-feature
30-->src\main\AndroidManifest.xml:23:3-108
31        android:name="android.hardware.touchscreen.multitouch.distinct"
31-->src\main\AndroidManifest.xml:23:17-80
32        android:required="false" />
32-->src\main\AndroidManifest.xml:23:81-105
33
34    <application>
34-->src\main\AndroidManifest.xml:4:3-15:17
35        <activity
35-->src\main\AndroidManifest.xml:5:5-8:16
36            android:name="com.unity3d.player.UnityPlayerActivity"
36-->src\main\AndroidManifest.xml:5:15-68
37            android:configChanges="mcc|mnc|locale|touchscreen|keyboard|keyboardHidden|navigation|orientation|screenLayout|uiMode|screenSize|smallestScreenSize|fontScale|layoutDirection|density"
37-->src\main\AndroidManifest.xml:5:187-368
38            android:exported="true"
38-->src\main\AndroidManifest.xml:5:440-463
39            android:hardwareAccelerated="false"
39-->src\main\AndroidManifest.xml:5:404-439
40            android:launchMode="singleTask"
40-->src\main\AndroidManifest.xml:5:155-186
41            android:resizeableActivity="false"
41-->src\main\AndroidManifest.xml:5:369-403
42            android:screenOrientation="sensorLandscape"
42-->src\main\AndroidManifest.xml:5:111-154
43            android:theme="@style/UnityThemeSelector" >
43-->src\main\AndroidManifest.xml:5:69-110
44            <meta-data
44-->src\main\AndroidManifest.xml:6:7-82
45                android:name="unityplayer.UnityActivity"
45-->src\main\AndroidManifest.xml:6:18-58
46                android:value="true" />
46-->src\main\AndroidManifest.xml:6:59-79
47            <meta-data
47-->src\main\AndroidManifest.xml:7:7-78
48                android:name="android.notch_support"
48-->src\main\AndroidManifest.xml:7:18-54
49                android:value="true" />
49-->src\main\AndroidManifest.xml:7:55-75
50        </activity>
51
52        <meta-data
52-->src\main\AndroidManifest.xml:9:5-69
53            android:name="unity.splash-mode"
53-->src\main\AndroidManifest.xml:9:16-48
54            android:value="0" />
54-->src\main\AndroidManifest.xml:9:49-66
55        <meta-data
55-->src\main\AndroidManifest.xml:10:5-74
56            android:name="unity.splash-enable"
56-->src\main\AndroidManifest.xml:10:16-50
57            android:value="True" />
57-->src\main\AndroidManifest.xml:10:51-71
58        <meta-data
58-->src\main\AndroidManifest.xml:11:5-78
59            android:name="unity.launch-fullscreen"
59-->src\main\AndroidManifest.xml:11:16-54
60            android:value="True" />
60-->src\main\AndroidManifest.xml:11:55-75
61        <meta-data
61-->src\main\AndroidManifest.xml:12:5-84
62            android:name="unity.allow-resizable-window"
62-->src\main\AndroidManifest.xml:12:16-59
63            android:value="False" />
63-->src\main\AndroidManifest.xml:12:60-81
64        <meta-data
64-->src\main\AndroidManifest.xml:13:5-81
65            android:name="notch.config"
65-->src\main\AndroidManifest.xml:13:16-43
66            android:value="portrait|landscape" />
66-->src\main\AndroidManifest.xml:13:44-78
67        <meta-data
67-->src\main\AndroidManifest.xml:14:5-101
68            android:name="unity.build-id"
68-->src\main\AndroidManifest.xml:14:16-45
69            android:value="37a73ade-ffe2-4d1e-9b38-43a1f731aa8a" />
69-->src\main\AndroidManifest.xml:14:46-98
70    </application>
71
72</manifest>